c:\users\fioger\desktop\qip\x64\debug\vc120.pdb
c:\users\fioger\desktop\qip\moc\moc_clip.cpp
c:\users\fioger\desktop\qip\moc\moc_contrast.cpp
c:\users\fioger\desktop\qip\moc\moc_dummy.cpp
c:\users\fioger\desktop\qip\moc\moc_gamma.cpp
c:\users\fioger\desktop\qip\moc\moc_histomatch.cpp
c:\users\fioger\desktop\qip\moc\moc_histostretch.cpp
c:\users\fioger\desktop\qip\moc\moc_mainwindow.cpp
c:\users\fioger\desktop\qip\moc\moc_quantize.cpp
c:\users\fioger\desktop\qip\moc\moc_threshold.cpp
c:\users\fioger\desktop\qip\moc\moc_qcustomplot.cpp
c:\users\fioger\desktop\qip\x64\debug\clip.obj
c:\users\fioger\desktop\qip\x64\debug\contrast.obj
c:\users\fioger\desktop\qip\x64\debug\dummy.obj
c:\users\fioger\desktop\qip\x64\debug\gamma.obj
c:\users\fioger\desktop\qip\x64\debug\histomatch.obj
c:\users\fioger\desktop\qip\x64\debug\histostretch.obj
c:\users\fioger\desktop\qip\x64\debug\imagefilter.obj
c:\users\fioger\desktop\qip\x64\debug\main.obj
c:\users\fioger\desktop\qip\x64\debug\mainwindow.obj
c:\users\fioger\desktop\qip\x64\debug\moc_clip.obj
c:\users\fioger\desktop\qip\x64\debug\moc_contrast.obj
c:\users\fioger\desktop\qip\x64\debug\moc_dummy.obj
c:\users\fioger\desktop\qip\x64\debug\moc_gamma.obj
c:\users\fioger\desktop\qip\x64\debug\moc_histomatch.obj
c:\users\fioger\desktop\qip\x64\debug\moc_histostretch.obj
c:\users\fioger\desktop\qip\x64\debug\moc_mainwindow.obj
c:\users\fioger\desktop\qip\x64\debug\moc_qcustomplot.obj
c:\users\fioger\desktop\qip\x64\debug\moc_quantize.obj
c:\users\fioger\desktop\qip\x64\debug\moc_threshold.obj
c:\users\fioger\desktop\qip\x64\debug\qcustomplot.obj
c:\users\fioger\desktop\qip\x64\debug\quantize.obj
c:\users\fioger\desktop\qip\x64\debug\threshold.obj
c:\users\fioger\desktop\qip\x64\debug\qip.tlog\cl.command.1.tlog
c:\users\fioger\desktop\qip\x64\debug\qip.tlog\cl.read.1.tlog
c:\users\fioger\desktop\qip\x64\debug\qip.tlog\cl.write.1.tlog
c:\users\fioger\desktop\qip\x64\debug\qip.tlog\custombuild.command.1.tlog
c:\users\fioger\desktop\qip\x64\debug\qip.tlog\custombuild.read.1.tlog
c:\users\fioger\desktop\qip\x64\debug\qip.tlog\custombuild.write.1.tlog
c:\users\fioger\desktop\qip\x64\debug\qip.tlog\link.command.1.tlog
c:\users\fioger\desktop\qip\x64\debug\qip.tlog\link.read.1.tlog
