Build started 9/21/2016 11:40:47 AM.
     1>Project "C:\Users\Fioger\Desktop\qip\qip.vcxproj" on node 2 (Build target(s)).
     1>ClCompile:
         C:\Program Files (x86)\Microsoft Visual Studio 12.0\VC\bin\x86_amd64\CL.exe /c /I. /IIP\win\header /I..\..\..\..\qt\qt5.7.0\5.7\msvc2013_64\include /I..\..\..\..\qt\qt5.7.0\5.7\msvc2013_64\include\QtPrintSupport /I..\..\..\..\qt\qt5.7.0\5.7\msvc2013_64\include\QtWidgets /I..\..\..\..\qt\qt5.7.0\5.7\msvc2013_64\include\QtGui /I..\..\..\..\qt\qt5.7.0\5.7\msvc2013_64\include\QtANGLE /I..\..\..\..\qt\qt5.7.0\5.7\msvc2013_64\include\QtCore /Imoc /I"..\..\..\..\qt\qt5.7.0\5.7\msvc2013_64\mkspecs\win32-msvc2013" /Zi /nologo /W3 /WX- /MP /Od /D _WINDOWS /D UNICODE /D WIN32 /D WIN64 /D QT_PRINTSUPPORT_LIB /D QT_WIDGETS_LIB /D QT_GUI_LIB /D QT_CORE_LIB /Gm- /EHsc /MDd /GS /fp:precise /Zc:wchar_t /Zc:forScope /GR /Fo"x64\Debug\\" /Fd"x64\Debug\vc120.pdb" /Gd /TP /errorReport:prompt -w34100 -w34189 -w44996 Quantize.cpp
         Quantize.cpp
       Link:
         C:\Program Files (x86)\Microsoft Visual Studio 12.0\VC\bin\x86_amd64\link.exe /ERRORREPORT:PROMPT /OUT:"debug\\qip.exe" /NOLOGO /LIBPATH:C:\qt\qt5.7.0\5.7\msvc2013_64\lib /LIBPATH:C:\utils\postgresql\pgsql\lib /LIBPATH:C:\utils\my_sql\my_sql\lib /LIBPATH:C:\Qt\Qt5.7.0\5.7\msvc2013_64\lib /LIBPATH:IP\win\lib C:\qt\qt5.7.0\5.7\msvc2013_64\lib\qtmaind.lib shell32.lib IP\win\lib\IP_d.lib C:\qt\qt5.7.0\5.7\msvc2013_64\lib\Qt5PrintSupportd.lib C:\qt\qt5.7.0\5.7\msvc2013_64\lib\Qt5Widgetsd.lib C:\qt\qt5.7.0\5.7\msvc2013_64\lib\Qt5Guid.lib C:\qt\qt5.7.0\5.7\msvc2013_64\lib\Qt5Cored.lib kernel32.lib user32.lib gdi32.lib winspool.lib comdlg32.lib advapi32.lib shell32.lib ole32.lib oleaut32.lib uuid.lib odbc32.lib odbccp32.lib /MANIFEST /MANIFESTUAC:"level='asInvoker' uiAccess='false'" /manifest:embed /DEBUG /PDB:"debug\qip.pdb" /SUBSYSTEM:WINDOWS /TLBID:1 /DYNAMICBASE /NXCOMPAT /MACHINE:X64 "/MANIFESTDEPENDENCY:type='win32' name='Microsoft.Windows.Common-Controls' version='6.0.0.0' publicKeyToken='6595b64144ccf1df' language='*' processorArchitecture='*'" x64\Debug\Clip.obj
         x64\Debug\Contrast.obj
         x64\Debug\Dummy.obj
         x64\Debug\Gamma.obj
         x64\Debug\HistoMatch.obj
         x64\Debug\HistoStretch.obj
         x64\Debug\ImageFilter.obj
         x64\Debug\MainWindow.obj
         x64\Debug\moc_Clip.obj
         x64\Debug\moc_Contrast.obj
         x64\Debug\moc_Dummy.obj
         x64\Debug\moc_Gamma.obj
         x64\Debug\moc_HistoMatch.obj
         x64\Debug\moc_HistoStretch.obj
         x64\Debug\moc_MainWindow.obj
         x64\Debug\moc_qcustomplot.obj
         x64\Debug\moc_Quantize.obj
         x64\Debug\moc_Threshold.obj
         x64\Debug\Quantize.obj
         x64\Debug\Threshold.obj
         x64\Debug\main.obj
         x64\Debug\qcustomplot.obj
         qip.vcxproj -> C:\Users\Fioger\Desktop\qip\debug\qip.exe
     1>Done Building Project "C:\Users\Fioger\Desktop\qip\qip.vcxproj" (Build target(s)).

Build succeeded.

Time Elapsed 00:00:03.47
